wandb: Currently logged in as: ljgoodall2001 (ljgoodall2001-rhodes-university) to https://api.wandb.ai. Use `wandb login --relogin` to force relogin
wandb: setting up run f4cdwisi
wandb: Tracking run with wandb version 0.22.2
wandb: Run data is saved locally in /home/luke/Code/SLR/code/wandb/run-20251109_183925-f4cdwisi
wandb: Run `wandb offline` to turn off syncing.
wandb: Syncing run MViTv2_S_asl100_exp006
wandb: ⭐️ View project at https://wandb.ai/ljgoodall2001-rhodes-university/WLASL-100
wandb: 🚀 View run at https://wandb.ai/ljgoodall2001-rhodes-university/WLASL-100/runs/f4cdwisi
/home/luke/miniconda3/envs/wlasl/lib/python3.10/site-packages/torchvision/models/_utils.py:135: UserWarning: Using 'weights' as positional parameter(s) is deprecated since 0.13 and may be removed in the future. Please use keyword parameter(s) instead.
  warnings.warn(
The worker sais: 
Starting new run with name: MViTv2_S_asl100_exp006
Run ID: f4cdwisi
Run name: MViTv2_S_asl100_exp006
Run path: ljgoodall2001-rhodes-university/WLASL-100/f4cdwisi
writing my id to temp file
Run ID: f4cdwisi
Run name: MViTv2_S_asl100_exp006
Run path: ljgoodall2001-rhodes-university/WLASL-100/f4cdwisi
Epoch 0/200
----------
Step 10: Loss: 4.6061, Accuracy: 1.25%
Step 20: Loss: 4.7211, Accuracy: 0.00%
Step 30: Loss: 4.6475, Accuracy: 1.25%
Step 40: Loss: 4.7012, Accuracy: 0.00%
Step 50: Loss: 4.6903, Accuracy: 0.00%
Step 60: Loss: 4.6806, Accuracy: 0.00%
Step 70: Loss: 4.6502, Accuracy: 0.00%
Step 80: Loss: 4.6265, Accuracy: 1.25%
Step 90: Loss: 4.6044, Accuracy: 0.00%
Step 100: Loss: 4.6075, Accuracy: 1.25%
Step 110: Loss: 4.6106, Accuracy: 1.25%
Step 120: Loss: 4.6061, Accuracy: 0.00%
Step 130: Loss: 4.6186, Accuracy: 0.00%
Step 140: Loss: 4.6222, Accuracy: 2.50%
Step 150: Loss: 4.6084, Accuracy: 2.50%
Step 160: Loss: 4.5679, Accuracy: 6.25%
Step 170: Loss: 4.5739, Accuracy: 2.50%
Step 180: Loss: 4.5340, Accuracy: 3.75%
TRAIN - Epoch 1:
  Loss: 4.6261
  Accuracy: 1.32% (19/1442)
VAL - Epoch 1:
  Loss: 4.4580
  Accuracy: 4.73% (16/338)
Best validation loss so far: 4.46
New best model saved: runs/asl100/MViTv2_S_exp006/checkpoints/best.pth (Loss: 4.46%)
Best validation acc so far: 4.73
Epoch 1/200
----------
Step 190: Loss: 4.4030, Accuracy: 7.50%
Step 200: Loss: 4.3734, Accuracy: 6.25%
Step 210: Loss: 4.2186, Accuracy: 10.00%
Step 220: Loss: 4.1287, Accuracy: 7.50%
Step 230: Loss: 3.9735, Accuracy: 10.00%
Step 240: Loss: 3.8496, Accuracy: 11.25%
Step 250: Loss: 4.0356, Accuracy: 6.25%
Step 260: Loss: 3.8514, Accuracy: 13.75%
Step 270: Loss: 3.9037, Accuracy: 8.75%
Step 280: Loss: 3.8150, Accuracy: 8.75%
Step 290: Loss: 3.6566, Accuracy: 15.00%
Step 300: Loss: 3.6095, Accuracy: 16.25%
Step 310: Loss: 3.6190, Accuracy: 11.25%
Step 320: Loss: 3.3107, Accuracy: 18.75%
Step 330: Loss: 3.3483, Accuracy: 22.50%
Step 340: Loss: 3.2635, Accuracy: 22.50%
Step 350: Loss: 3.2348, Accuracy: 20.00%
Step 360: Loss: 3.3244, Accuracy: 16.25%
TRAIN - Epoch 2:
  Loss: 3.7701
  Accuracy: 13.04% (188/1442)
VAL - Epoch 2:
  Loss: 2.9081
  Accuracy: 28.99% (98/338)
Best validation loss so far: 2.91
New best model saved: runs/asl100/MViTv2_S_exp006/checkpoints/best.pth (Loss: 2.91%)
Best validation acc so far: 28.99
Epoch 2/200
----------
Step 370: Loss: 2.8217, Accuracy: 31.25%
Step 380: Loss: 2.5017, Accuracy: 47.50%
Step 390: Loss: 2.7082, Accuracy: 35.00%
Step 400: Loss: 2.9544, Accuracy: 31.25%
Step 410: Loss: 2.6995, Accuracy: 36.25%
Step 420: Loss: 2.6918, Accuracy: 32.50%
Step 430: Loss: 2.5939, Accuracy: 40.00%
Step 440: Loss: 2.6353, Accuracy: 37.50%
Step 450: Loss: 2.5182, Accuracy: 38.75%
Step 460: Loss: 2.4028, Accuracy: 43.75%
Step 470: Loss: 2.2900, Accuracy: 47.50%
Step 480: Loss: 2.2935, Accuracy: 45.00%
Step 490: Loss: 2.6008, Accuracy: 37.50%
Step 500: Loss: 2.3482, Accuracy: 41.25%
Step 510: Loss: 2.4198, Accuracy: 43.75%
Step 520: Loss: 2.2671, Accuracy: 48.75%
Step 530: Loss: 2.2859, Accuracy: 40.00%
Step 540: Loss: 2.2448, Accuracy: 46.25%
TRAIN - Epoch 3:
  Loss: 2.5140
  Accuracy: 40.15% (579/1442)
VAL - Epoch 3:
  Loss: 2.0471
  Accuracy: 48.22% (163/338)
Best validation loss so far: 2.05
New best model saved: runs/asl100/MViTv2_S_exp006/checkpoints/best.pth (Loss: 2.05%)
Best validation acc so far: 48.22
Epoch 3/200
----------
Step 550: Loss: 1.7351, Accuracy: 52.50%
Step 560: Loss: 1.7554, Accuracy: 65.00%
Step 570: Loss: 1.8004, Accuracy: 52.50%
Step 580: Loss: 1.6455, Accuracy: 57.50%
Step 590: Loss: 1.7682, Accuracy: 56.25%
Step 600: Loss: 1.8039, Accuracy: 58.75%
Step 610: Loss: 1.7107, Accuracy: 60.00%
Step 620: Loss: 1.7131, Accuracy: 60.00%
Step 630: Loss: 1.5326, Accuracy: 66.25%
Step 640: Loss: 1.5905, Accuracy: 57.50%
Step 650: Loss: 1.7759, Accuracy: 53.75%
Step 660: Loss: 1.6485, Accuracy: 57.50%
Step 670: Loss: 1.6279, Accuracy: 61.25%
Step 680: Loss: 1.5387, Accuracy: 61.25%
Step 690: Loss: 1.4029, Accuracy: 68.75%
Step 700: Loss: 1.5249, Accuracy: 63.75%
Step 710: Loss: 1.6524, Accuracy: 61.25%
Step 720: Loss: 1.3462, Accuracy: 67.50%
TRAIN - Epoch 4:
  Loss: 1.6438
  Accuracy: 60.06% (866/1442)
VAL - Epoch 4:
  Loss: 1.5371
  Accuracy: 63.31% (214/338)
Best validation loss so far: 1.54
New best model saved: runs/asl100/MViTv2_S_exp006/checkpoints/best.pth (Loss: 1.54%)
Best validation acc so far: 63.31
Epoch 4/200
----------
Step 730: Loss: 1.0662, Accuracy: 78.75%
Step 740: Loss: 0.9836, Accuracy: 73.75%
Step 750: Loss: 1.0623, Accuracy: 75.00%
Step 760: Loss: 1.2159, Accuracy: 67.50%
Step 770: Loss: 1.1073, Accuracy: 77.50%
Step 780: Loss: 1.1292, Accuracy: 73.75%
Step 790: Loss: 0.7563, Accuracy: 90.00%
Step 800: Loss: 0.9590, Accuracy: 80.00%
Step 810: Loss: 1.0382, Accuracy: 76.25%
Step 820: Loss: 1.1409, Accuracy: 66.25%
Step 830: Loss: 1.1511, Accuracy: 70.00%
Step 840: Loss: 0.9270, Accuracy: 86.25%
Step 850: Loss: 1.2004, Accuracy: 68.75%
Step 860: Loss: 1.1200, Accuracy: 73.75%
Step 870: Loss: 1.1055, Accuracy: 75.00%
Step 880: Loss: 1.0033, Accuracy: 73.75%
Step 890: Loss: 1.1152, Accuracy: 72.50%
Step 900: Loss: 0.9901, Accuracy: 76.25%
TRAIN - Epoch 5:
  Loss: 1.0618
  Accuracy: 75.17% (1084/1442)
VAL - Epoch 5:
  Loss: 1.2729
  Accuracy: 65.98% (223/338)
Best validation loss so far: 1.27
New best model saved: runs/asl100/MViTv2_S_exp006/checkpoints/best.pth (Loss: 1.27%)
Best validation acc so far: 65.98
Checkpoint saved: runs/asl100/MViTv2_S_exp006/checkpoints/checkpoint_005.pth
Epoch 5/200
----------
Step 910: Loss: 0.7189, Accuracy: 88.75%
Step 920: Loss: 0.7796, Accuracy: 82.50%
Step 930: Loss: 0.7088, Accuracy: 85.00%
Step 940: Loss: 0.5785, Accuracy: 91.25%
Step 950: Loss: 0.4647, Accuracy: 93.75%
Step 960: Loss: 0.6059, Accuracy: 87.50%
Step 970: Loss: 0.6204, Accuracy: 87.50%
Step 980: Loss: 0.5945, Accuracy: 92.50%
Step 990: Loss: 0.6072, Accuracy: 90.00%
Step 1000: Loss: 0.5898, Accuracy: 91.25%
Step 1010: Loss: 0.6090, Accuracy: 85.00%
Step 1020: Loss: 0.5177, Accuracy: 90.00%
Step 1030: Loss: 0.7134, Accuracy: 83.75%
Step 1040: Loss: 0.6006, Accuracy: 90.00%
Step 1050: Loss: 0.6323, Accuracy: 86.25%
Step 1060: Loss: 0.7422, Accuracy: 82.50%
Step 1070: Loss: 0.8134, Accuracy: 81.25%
Step 1080: Loss: 0.7230, Accuracy: 87.50%
TRAIN - Epoch 6:
  Loss: 0.6466
  Accuracy: 87.52% (1262/1442)
VAL - Epoch 6:
  Loss: 1.2155
  Accuracy: 66.27% (224/338)
Best validation loss so far: 1.22
New best model saved: runs/asl100/MViTv2_S_exp006/checkpoints/best.pth (Loss: 1.22%)
Best validation acc so far: 66.27
Epoch 6/200
----------
Step 1090: Loss: 0.5379, Accuracy: 87.50%
Step 1100: Loss: 0.5127, Accuracy: 93.75%
Step 1110: Loss: 0.3743, Accuracy: 95.00%
Step 1120: Loss: 0.5617, Accuracy: 83.75%
Step 1130: Loss: 0.4066, Accuracy: 91.25%
Step 1140: Loss: 0.5118, Accuracy: 87.50%
Step 1150: Loss: 0.5624, Accuracy: 88.75%
Step 1160: Loss: 0.5067, Accuracy: 90.00%
Step 1170: Loss: 0.3656, Accuracy: 92.50%
Step 1180: Loss: 0.2846, Accuracy: 97.50%
Step 1190: Loss: 0.4094, Accuracy: 90.00%
Step 1200: Loss: 0.5784, Accuracy: 85.00%
Step 1210: Loss: 0.4539, Accuracy: 93.75%
Step 1220: Loss: 0.3670, Accuracy: 93.75%
Step 1230: Loss: 0.4094, Accuracy: 90.00%
Step 1240: Loss: 0.4537, Accuracy: 88.75%
Step 1250: Loss: 0.4095, Accuracy: 91.25%
Step 1260: Loss: 0.4266, Accuracy: 92.50%
TRAIN - Epoch 7:
  Loss: 0.4517
  Accuracy: 90.71% (1308/1442)
VAL - Epoch 7:
  Loss: 1.0582
  Accuracy: 70.71% (239/338)
Best validation loss so far: 1.06
New best model saved: runs/asl100/MViTv2_S_exp006/checkpoints/best.pth (Loss: 1.06%)
Best validation acc so far: 70.71
Epoch 7/200
----------
Step 1270: Loss: 0.3214, Accuracy: 97.50%
Step 1280: Loss: 0.2157, Accuracy: 96.25%
Step 1290: Loss: 0.2624, Accuracy: 97.50%
Step 1300: Loss: 0.2468, Accuracy: 97.50%
Step 1310: Loss: 0.1987, Accuracy: 96.25%
Step 1320: Loss: 0.2860, Accuracy: 91.25%
Step 1330: Loss: 0.3189, Accuracy: 95.00%
Step 1340: Loss: 0.2934, Accuracy: 97.50%
Step 1350: Loss: 0.2957, Accuracy: 93.75%
Step 1360: Loss: 0.2573, Accuracy: 98.75%
Step 1370: Loss: 0.2868, Accuracy: 96.25%
Step 1380: Loss: 0.1515, Accuracy: 97.50%
Step 1390: Loss: 0.2422, Accuracy: 97.50%
Step 1400: Loss: 0.2105, Accuracy: 97.50%
Step 1410: Loss: 0.2509, Accuracy: 95.00%
Step 1420: Loss: 0.2118, Accuracy: 97.50%
Step 1430: Loss: 0.3375, Accuracy: 93.75%
Step 1440: Loss: 0.2601, Accuracy: 97.50%
TRAIN - Epoch 8:
  Loss: 0.2580
  Accuracy: 96.32% (1389/1442)
VAL - Epoch 8:
  Loss: 1.0388
  Accuracy: 71.89% (243/338)
Best validation loss so far: 1.04
New best model saved: runs/asl100/MViTv2_S_exp006/checkpoints/best.pth (Loss: 1.04%)
Best validation acc so far: 71.89
Epoch 8/200
----------
Step 1450: Loss: 0.1730, Accuracy: 96.25%
Step 1460: Loss: 0.1884, Accuracy: 96.25%
Step 1470: Loss: 0.1808, Accuracy: 97.50%
Step 1480: Loss: 0.1945, Accuracy: 97.50%
Step 1490: Loss: 0.1655, Accuracy: 97.50%
Step 1500: Loss: 0.2049, Accuracy: 96.25%
Step 1510: Loss: 0.1716, Accuracy: 98.75%
Step 1520: Loss: 0.2379, Accuracy: 95.00%
Step 1530: Loss: 0.1582, Accuracy: 97.50%
Step 1540: Loss: 0.2513, Accuracy: 95.00%
Step 1550: Loss: 0.1732, Accuracy: 97.50%
Step 1560: Loss: 0.2928, Accuracy: 93.75%
Step 1570: Loss: 0.1431, Accuracy: 98.75%
Step 1580: Loss: 0.2459, Accuracy: 95.00%
Step 1590: Loss: 0.1439, Accuracy: 97.50%
Step 1600: Loss: 0.2137, Accuracy: 93.75%
Step 1610: Loss: 0.1430, Accuracy: 97.50%
Step 1620: Loss: 0.2472, Accuracy: 96.25%
TRAIN - Epoch 9:
  Loss: 0.1958
  Accuracy: 96.53% (1392/1442)
VAL - Epoch 9:
  Loss: 1.0229
  Accuracy: 71.89% (243/338)
Best validation loss so far: 1.02
New best model saved: runs/asl100/MViTv2_S_exp006/checkpoints/best.pth (Loss: 1.02%)
Epoch 9/200
----------
Step 1630: Loss: 0.1571, Accuracy: 97.50%
Step 1640: Loss: 0.1056, Accuracy: 100.00%
Step 1650: Loss: 0.1402, Accuracy: 98.75%
Step 1660: Loss: 0.2876, Accuracy: 93.75%
Step 1670: Loss: 0.1138, Accuracy: 98.75%
Step 1680: Loss: 0.1172, Accuracy: 100.00%
Step 1690: Loss: 0.1426, Accuracy: 97.50%
Step 1700: Loss: 0.1565, Accuracy: 95.00%
Step 1710: Loss: 0.1385, Accuracy: 98.75%
Step 1720: Loss: 0.1785, Accuracy: 96.25%
Step 1730: Loss: 0.1598, Accuracy: 92.50%
Step 1740: Loss: 0.1760, Accuracy: 96.25%
Step 1750: Loss: 0.1538, Accuracy: 98.75%
Step 1760: Loss: 0.2896, Accuracy: 95.00%
Step 1770: Loss: 0.2706, Accuracy: 93.75%
Step 1780: Loss: 0.1375, Accuracy: 98.75%
Step 1790: Loss: 0.1521, Accuracy: 98.75%
Step 1800: Loss: 0.1107, Accuracy: 98.75%
TRAIN - Epoch 10:
  Loss: 0.1659
  Accuracy: 97.16% (1401/1442)
VAL - Epoch 10:
  Loss: 1.0067
  Accuracy: 73.67% (249/338)
Best validation loss so far: 1.01
New best model saved: runs/asl100/MViTv2_S_exp006/checkpoints/best.pth (Loss: 1.01%)
Best validation acc so far: 73.67
Checkpoint saved: runs/asl100/MViTv2_S_exp006/checkpoints/checkpoint_010.pth
Epoch 10/200
----------
Step 1810: Loss: 0.2079, Accuracy: 98.75%
Step 1820: Loss: 0.0836, Accuracy: 100.00%
Step 1830: Loss: 0.1292, Accuracy: 97.50%
Step 1840: Loss: 0.1712, Accuracy: 96.25%
Step 1850: Loss: 0.1248, Accuracy: 96.25%
Step 1860: Loss: 0.1425, Accuracy: 96.25%
Step 1870: Loss: 0.0795, Accuracy: 100.00%
Step 1880: Loss: 0.1825, Accuracy: 97.50%
Step 1890: Loss: 0.1060, Accuracy: 100.00%
Step 1900: Loss: 0.0911, Accuracy: 98.75%
Step 1910: Loss: 0.1172, Accuracy: 98.75%
Step 1920: Loss: 0.0937, Accuracy: 98.75%
Step 1930: Loss: 0.0666, Accuracy: 98.75%
Step 1940: Loss: 0.1135, Accuracy: 100.00%
Step 1950: Loss: 0.0946, Accuracy: 100.00%
Step 1960: Loss: 0.0742, Accuracy: 100.00%
Step 1970: Loss: 0.1267, Accuracy: 98.75%
Step 1980: Loss: 0.1228, Accuracy: 97.50%
TRAIN - Epoch 11:
  Loss: 0.1181
  Accuracy: 98.54% (1421/1442)
VAL - Epoch 11:
  Loss: 0.9645
  Accuracy: 76.04% (257/338)
Best validation loss so far: 0.96
New best model saved: runs/asl100/MViTv2_S_exp006/checkpoints/best.pth (Loss: 0.96%)
Best validation acc so far: 76.04
Epoch 11/200
----------
Step 1990: Loss: 0.0478, Accuracy: 100.00%
Step 2000: Loss: 0.0571, Accuracy: 100.00%
Step 2010: Loss: 0.0880, Accuracy: 97.50%
Step 2020: Loss: 0.0964, Accuracy: 96.25%
Step 2030: Loss: 0.1387, Accuracy: 96.25%
Step 2040: Loss: 0.1789, Accuracy: 93.75%
Step 2050: Loss: 0.0690, Accuracy: 100.00%
Step 2060: Loss: 0.1336, Accuracy: 98.75%
Step 2070: Loss: 0.0824, Accuracy: 98.75%
Step 2080: Loss: 0.0817, Accuracy: 98.75%
Step 2090: Loss: 0.2088, Accuracy: 98.75%
Step 2100: Loss: 0.1780, Accuracy: 96.25%
Step 2110: Loss: 0.0860, Accuracy: 98.75%
Step 2120: Loss: 0.0597, Accuracy: 100.00%
Step 2130: Loss: 0.1059, Accuracy: 97.50%
Step 2140: Loss: 0.1062, Accuracy: 98.75%
Step 2150: Loss: 0.1959, Accuracy: 95.00%
Step 2160: Loss: 0.1313, Accuracy: 100.00%
TRAIN - Epoch 12:
  Loss: 0.1135
  Accuracy: 98.06% (1414/1442)
VAL - Epoch 12:
  Loss: 1.0972
  Accuracy: 70.41% (238/338)
Epoch 12/200
----------
Step 2170: Loss: 0.1912, Accuracy: 95.00%
Step 2180: Loss: 0.1032, Accuracy: 100.00%
Step 2190: Loss: 0.1758, Accuracy: 95.00%
Step 2200: Loss: 0.0676, Accuracy: 100.00%
Step 2210: Loss: 0.1092, Accuracy: 98.75%
Step 2220: Loss: 0.0632, Accuracy: 100.00%
Step 2230: Loss: 0.1031, Accuracy: 98.75%
Step 2240: Loss: 0.1260, Accuracy: 98.75%
Step 2250: Loss: 0.1863, Accuracy: 95.00%
Step 2260: Loss: 0.0759, Accuracy: 100.00%
Step 2270: Loss: 0.0810, Accuracy: 100.00%
Step 2280: Loss: 0.0567, Accuracy: 98.75%
Step 2290: Loss: 0.1085, Accuracy: 98.75%
Step 2300: Loss: 0.0917, Accuracy: 98.75%
Step 2310: Loss: 0.1176, Accuracy: 98.75%
Step 2320: Loss: 0.0918, Accuracy: 98.75%
Step 2330: Loss: 0.1525, Accuracy: 96.25%
Step 2340: Loss: 0.1802, Accuracy: 93.75%
TRAIN - Epoch 13:
  Loss: 0.1157
  Accuracy: 98.06% (1414/1442)
VAL - Epoch 13:
  Loss: 1.0294
  Accuracy: 72.19% (244/338)
Epoch 13/200
----------
Step 2350: Loss: 0.0997, Accuracy: 96.25%
Step 2360: Loss: 0.1322, Accuracy: 97.50%
Step 2370: Loss: 0.0735, Accuracy: 98.75%
Step 2380: Loss: 0.0802, Accuracy: 100.00%
Step 2390: Loss: 0.0764, Accuracy: 100.00%
Step 2400: Loss: 0.1375, Accuracy: 97.50%
Step 2410: Loss: 0.1227, Accuracy: 97.50%
Step 2420: Loss: 0.0700, Accuracy: 98.75%
Step 2430: Loss: 0.1280, Accuracy: 96.25%
Step 2440: Loss: 0.1087, Accuracy: 98.75%
Step 2450: Loss: 0.0718, Accuracy: 100.00%
Step 2460: Loss: 0.1301, Accuracy: 97.50%
Step 2470: Loss: 0.0834, Accuracy: 97.50%
Step 2480: Loss: 0.0834, Accuracy: 98.75%
Step 2490: Loss: 0.0844, Accuracy: 98.75%
Step 2500: Loss: 0.0690, Accuracy: 98.75%
Step 2510: Loss: 0.0683, Accuracy: 100.00%
Step 2520: Loss: 0.2452, Accuracy: 93.75%
TRAIN - Epoch 14:
  Loss: 0.1035
  Accuracy: 98.13% (1415/1442)
VAL - Epoch 14:
  Loss: 1.0822
  Accuracy: 71.89% (243/338)
Epoch 14/200
----------
Step 2530: Loss: 0.0801, Accuracy: 97.50%
Step 2540: Loss: 0.1351, Accuracy: 97.50%
Step 2550: Loss: 0.1175, Accuracy: 97.50%
Step 2560: Loss: 0.0621, Accuracy: 98.75%
Step 2570: Loss: 0.0779, Accuracy: 97.50%
Step 2580: Loss: 0.1266, Accuracy: 97.50%
Step 2590: Loss: 0.0692, Accuracy: 98.75%
Step 2600: Loss: 0.1283, Accuracy: 97.50%
Step 2610: Loss: 0.0438, Accuracy: 100.00%
Step 2620: Loss: 0.0743, Accuracy: 96.25%
Step 2630: Loss: 0.1403, Accuracy: 96.25%
Step 2640: Loss: 0.0852, Accuracy: 97.50%
Step 2650: Loss: 0.1088, Accuracy: 98.75%
Step 2660: Loss: 0.1356, Accuracy: 97.50%
Step 2670: Loss: 0.1649, Accuracy: 96.25%
Step 2680: Loss: 0.1230, Accuracy: 98.75%
Step 2690: Loss: 0.0851, Accuracy: 98.75%
Step 2700: Loss: 0.0480, Accuracy: 100.00%
TRAIN - Epoch 15:
  Loss: 0.1002
  Accuracy: 97.92% (1412/1442)
VAL - Epoch 15:
  Loss: 1.1033
  Accuracy: 70.41% (238/338)
Checkpoint saved: runs/asl100/MViTv2_S_exp006/checkpoints/checkpoint_015.pth
Epoch 15/200
----------
Step 2710: Loss: 0.0351, Accuracy: 100.00%
Step 2720: Loss: 0.0350, Accuracy: 100.00%
Step 2730: Loss: 0.1033, Accuracy: 98.75%
Step 2740: Loss: 0.0322, Accuracy: 100.00%
Step 2750: Loss: 0.0409, Accuracy: 100.00%
Step 2760: Loss: 0.0696, Accuracy: 98.75%
Step 2770: Loss: 0.0914, Accuracy: 97.50%
Step 2780: Loss: 0.0445, Accuracy: 98.75%
Step 2790: Loss: 0.0835, Accuracy: 97.50%
Step 2800: Loss: 0.0477, Accuracy: 98.75%
Step 2810: Loss: 0.1062, Accuracy: 97.50%
Step 2820: Loss: 0.0212, Accuracy: 100.00%
Step 2830: Loss: 0.0671, Accuracy: 98.75%
Step 2840: Loss: 0.1561, Accuracy: 96.25%
Step 2850: Loss: 0.0430, Accuracy: 100.00%
Step 2860: Loss: 0.0645, Accuracy: 98.75%
Step 2870: Loss: 0.0652, Accuracy: 98.75%
Step 2880: Loss: 0.1306, Accuracy: 95.00%
TRAIN - Epoch 16:
  Loss: 0.0687
  Accuracy: 98.61% (1422/1442)
VAL - Epoch 16:
  Loss: 1.1273
  Accuracy: 73.37% (248/338)
Epoch 16/200
----------
Step 2890: Loss: 0.0789, Accuracy: 98.75%
Step 2900: Loss: 0.1019, Accuracy: 98.75%
Step 2910: Loss: 0.1062, Accuracy: 96.25%
Step 2920: Loss: 0.0757, Accuracy: 100.00%
Step 2930: Loss: 0.0308, Accuracy: 100.00%
Step 2940: Loss: 0.0591, Accuracy: 100.00%
Step 2950: Loss: 0.0484, Accuracy: 100.00%
Step 2960: Loss: 0.0677, Accuracy: 96.25%
Step 2970: Loss: 0.0921, Accuracy: 96.25%
Step 2980: Loss: 0.1269, Accuracy: 96.25%
Step 2990: Loss: 0.0682, Accuracy: 98.75%
Step 3000: Loss: 0.0846, Accuracy: 97.50%
Step 3010: Loss: 0.1585, Accuracy: 97.50%
Step 3020: Loss: 0.0961, Accuracy: 98.75%
Step 3030: Loss: 0.1057, Accuracy: 96.25%
Step 3040: Loss: 0.0562, Accuracy: 98.75%
Step 3050: Loss: 0.0547, Accuracy: 98.75%
Step 3060: Loss: 0.0340, Accuracy: 100.00%
TRAIN - Epoch 17:
  Loss: 0.0802
  Accuracy: 98.27% (1417/1442)
VAL - Epoch 17:
  Loss: 1.0756
  Accuracy: 73.37% (248/338)
Epoch 17/200
----------
Step 3070: Loss: 0.0335, Accuracy: 100.00%
Step 3080: Loss: 0.0689, Accuracy: 97.50%
Step 3090: Loss: 0.0288, Accuracy: 100.00%
Step 3100: Loss: 0.1465, Accuracy: 96.25%
Step 3110: Loss: 0.1148, Accuracy: 96.25%
Step 3120: Loss: 0.1452, Accuracy: 95.00%
Step 3130: Loss: 0.0434, Accuracy: 100.00%
Step 3140: Loss: 0.1034, Accuracy: 97.50%
Step 3150: Loss: 0.0320, Accuracy: 100.00%
Step 3160: Loss: 0.0578, Accuracy: 98.75%
Step 3170: Loss: 0.1653, Accuracy: 96.25%
Step 3180: Loss: 0.1748, Accuracy: 98.75%
Step 3190: Loss: 0.0896, Accuracy: 96.25%
Step 3200: Loss: 0.0747, Accuracy: 98.75%
Step 3210: Loss: 0.0306, Accuracy: 100.00%
Step 3220: Loss: 0.0667, Accuracy: 98.75%
Step 3230: Loss: 0.0778, Accuracy: 97.50%
Step 3240: Loss: 0.0425, Accuracy: 100.00%
TRAIN - Epoch 18:
  Loss: 0.0847
  Accuracy: 98.13% (1415/1442)
VAL - Epoch 18:
  Loss: 0.9759
  Accuracy: 73.96% (250/338)
Epoch 18/200
----------
Step 3250: Loss: 0.1074, Accuracy: 96.25%
Step 3260: Loss: 0.1055, Accuracy: 97.50%
Step 3270: Loss: 0.0686, Accuracy: 98.75%
Step 3280: Loss: 0.0392, Accuracy: 100.00%
Step 3290: Loss: 0.0607, Accuracy: 98.75%
Step 3300: Loss: 0.0619, Accuracy: 98.75%
Step 3310: Loss: 0.1103, Accuracy: 96.25%
Step 3320: Loss: 0.1465, Accuracy: 96.25%
Step 3330: Loss: 0.0623, Accuracy: 98.75%
Step 3340: Loss: 0.0877, Accuracy: 97.50%
Step 3350: Loss: 0.2279, Accuracy: 95.00%
Step 3360: Loss: 0.1067, Accuracy: 97.50%
Step 3370: Loss: 0.1231, Accuracy: 93.75%
Step 3380: Loss: 0.1021, Accuracy: 97.50%
Step 3390: Loss: 0.1076, Accuracy: 95.00%
Step 3400: Loss: 0.0987, Accuracy: 98.75%
Step 3410: Loss: 0.1327, Accuracy: 95.00%
Step 3420: Loss: 0.0973, Accuracy: 98.75%
TRAIN - Epoch 19:
  Loss: 0.1024
  Accuracy: 97.23% (1402/1442)
VAL - Epoch 19:
  Loss: 1.1303
  Accuracy: 72.78% (246/338)
Epoch 19/200
----------
Step 3430: Loss: 0.0971, Accuracy: 96.25%
Step 3440: Loss: 0.0655, Accuracy: 97.50%
Step 3450: Loss: 0.2006, Accuracy: 92.50%
Step 3460: Loss: 0.0399, Accuracy: 100.00%
Step 3470: Loss: 0.0478, Accuracy: 98.75%
Step 3480: Loss: 0.0718, Accuracy: 97.50%
Step 3490: Loss: 0.0758, Accuracy: 98.75%
Step 3500: Loss: 0.1279, Accuracy: 96.25%
Step 3510: Loss: 0.0479, Accuracy: 98.75%
Step 3520: Loss: 0.0355, Accuracy: 100.00%
Step 3530: Loss: 0.0599, Accuracy: 98.75%
Step 3540: Loss: 0.0566, Accuracy: 98.75%
Step 3550: Loss: 0.1002, Accuracy: 96.25%
Step 3560: Loss: 0.1379, Accuracy: 95.00%
Step 3570: Loss: 0.0238, Accuracy: 100.00%
Step 3580: Loss: 0.1198, Accuracy: 97.50%
Step 3590: Loss: 0.0773, Accuracy: 98.75%
Step 3600: Loss: 0.1656, Accuracy: 97.50%
TRAIN - Epoch 20:
  Loss: 0.0861
  Accuracy: 97.71% (1409/1442)
VAL - Epoch 20:
  Loss: 1.1447
  Accuracy: 73.08% (247/338)
Checkpoint saved: runs/asl100/MViTv2_S_exp006/checkpoints/checkpoint_020.pth
Epoch 20/200
----------
Step 3610: Loss: 0.0637, Accuracy: 97.50%
Step 3620: Loss: 0.0720, Accuracy: 97.50%
Step 3630: Loss: 0.1503, Accuracy: 93.75%
Step 3640: Loss: 0.0754, Accuracy: 98.75%
Step 3650: Loss: 0.0906, Accuracy: 97.50%
Step 3660: Loss: 0.0351, Accuracy: 100.00%
Step 3670: Loss: 0.0854, Accuracy: 96.25%
Step 3680: Loss: 0.0697, Accuracy: 96.25%
Step 3690: Loss: 0.1139, Accuracy: 97.50%
Step 3700: Loss: 0.1104, Accuracy: 97.50%
Step 3710: Loss: 0.0442, Accuracy: 100.00%
Step 3720: Loss: 0.0773, Accuracy: 98.75%
Step 3730: Loss: 0.0774, Accuracy: 98.75%
Step 3740: Loss: 0.0841, Accuracy: 97.50%
Step 3750: Loss: 0.0434, Accuracy: 98.75%
Step 3760: Loss: 0.1922, Accuracy: 96.25%
Step 3770: Loss: 0.0951, Accuracy: 97.50%
Step 3780: Loss: 0.0381, Accuracy: 100.00%
TRAIN - Epoch 21:
  Loss: 0.0842
  Accuracy: 97.78% (1410/1442)
VAL - Epoch 21:
  Loss: 1.0472
  Accuracy: 72.78% (246/338)
Epoch 21/200
----------
Step 3790: Loss: 0.0678, Accuracy: 98.75%
Step 3800: Loss: 0.0229, Accuracy: 100.00%
Step 3810: Loss: 0.0960, Accuracy: 97.50%
Step 3820: Loss: 0.0759, Accuracy: 98.75%
Step 3830: Loss: 0.0326, Accuracy: 98.75%
Step 3840: Loss: 0.0362, Accuracy: 100.00%
Step 3850: Loss: 0.0441, Accuracy: 100.00%
Step 3860: Loss: 0.0378, Accuracy: 98.75%
Step 3870: Loss: 0.0325, Accuracy: 98.75%
Step 3880: Loss: 0.1296, Accuracy: 97.50%
Step 3890: Loss: 0.1128, Accuracy: 98.75%
Step 3900: Loss: 0.0462, Accuracy: 98.75%
Step 3910: Loss: 0.1427, Accuracy: 95.00%
Step 3920: Loss: 0.0811, Accuracy: 97.50%
Step 3930: Loss: 0.1248, Accuracy: 97.50%
Step 3940: Loss: 0.0272, Accuracy: 100.00%
Step 3950: Loss: 0.1597, Accuracy: 95.00%
Step 3960: Loss: 0.1448, Accuracy: 95.00%
TRAIN - Epoch 22:
  Loss: 0.0785
  Accuracy: 98.13% (1415/1442)
VAL - Epoch 22:
  Loss: 1.2690
  Accuracy: 67.75% (229/338)
Epoch 22/200
----------
Step 3970: Loss: 0.0662, Accuracy: 96.25%
Step 3980: Loss: 0.0244, Accuracy: 100.00%
Step 3990: Loss: 0.0337, Accuracy: 100.00%
Step 4000: Loss: 0.0498, Accuracy: 100.00%
Step 4010: Loss: 0.0763, Accuracy: 97.50%
Step 4020: Loss: 0.0250, Accuracy: 100.00%
Step 4030: Loss: 0.0695, Accuracy: 97.50%
Step 4040: Loss: 0.0547, Accuracy: 100.00%
Step 4050: Loss: 0.0637, Accuracy: 97.50%
Step 4060: Loss: 0.0910, Accuracy: 97.50%
Step 4070: Loss: 0.0620, Accuracy: 98.75%
Step 4080: Loss: 0.1106, Accuracy: 96.25%
Step 4090: Loss: 0.0487, Accuracy: 98.75%
Step 4100: Loss: 0.0673, Accuracy: 98.75%
Step 4110: Loss: 0.0487, Accuracy: 98.75%
Step 4120: Loss: 0.0985, Accuracy: 97.50%
Step 4130: Loss: 0.0908, Accuracy: 96.25%
Step 4140: Loss: 0.1399, Accuracy: 97.50%
TRAIN - Epoch 23:
  Loss: 0.0677
  Accuracy: 98.27% (1417/1442)
VAL - Epoch 23:
  Loss: 1.1885
  Accuracy: 69.53% (235/338)
Epoch 23/200
----------
Step 4150: Loss: 0.1737, Accuracy: 96.25%
Step 4160: Loss: 0.0408, Accuracy: 100.00%
Step 4170: Loss: 0.0770, Accuracy: 95.00%
Step 4180: Loss: 0.0749, Accuracy: 98.75%
Step 4190: Loss: 0.1467, Accuracy: 91.25%
Step 4200: Loss: 0.1477, Accuracy: 97.50%
Step 4210: Loss: 0.0574, Accuracy: 98.75%
Step 4220: Loss: 0.0956, Accuracy: 96.25%
Step 4230: Loss: 0.0269, Accuracy: 100.00%
Step 4240: Loss: 0.0455, Accuracy: 100.00%
Step 4250: Loss: 0.1370, Accuracy: 93.75%
Step 4260: Loss: 0.0421, Accuracy: 98.75%
Step 4270: Loss: 0.2062, Accuracy: 95.00%
Step 4280: Loss: 0.1069, Accuracy: 96.25%
Step 4290: Loss: 0.0764, Accuracy: 98.75%
Step 4300: Loss: 0.0669, Accuracy: 98.75%
Step 4310: Loss: 0.0378, Accuracy: 100.00%
Step 4320: Loss: 0.0565, Accuracy: 97.50%
TRAIN - Epoch 24:
  Loss: 0.0897
  Accuracy: 97.36% (1404/1442)
VAL - Epoch 24:
  Loss: 1.2145
  Accuracy: 71.60% (242/338)
Epoch 24/200
----------
Step 4330: Loss: 0.0395, Accuracy: 100.00%
Step 4340: Loss: 0.0267, Accuracy: 100.00%
Step 4350: Loss: 0.0528, Accuracy: 97.50%
Step 4360: Loss: 0.0224, Accuracy: 100.00%
Step 4370: Loss: 0.0705, Accuracy: 97.50%
Step 4380: Loss: 0.0546, Accuracy: 97.50%
Step 4390: Loss: 0.0857, Accuracy: 98.75%
Step 4400: Loss: 0.0496, Accuracy: 98.75%
Step 4410: Loss: 0.0191, Accuracy: 100.00%
Step 4420: Loss: 0.0335, Accuracy: 98.75%
Step 4430: Loss: 0.0217, Accuracy: 100.00%
Step 4440: Loss: 0.0812, Accuracy: 96.25%
Step 4450: Loss: 0.0433, Accuracy: 98.75%
Step 4460: Loss: 0.1155, Accuracy: 97.50%
Step 4470: Loss: 0.0415, Accuracy: 98.75%
Step 4480: Loss: 0.0595, Accuracy: 97.50%
Step 4490: Loss: 0.0631, Accuracy: 98.75%
Step 4500: Loss: 0.0125, Accuracy: 100.00%
TRAIN - Epoch 25:
  Loss: 0.0495
  Accuracy: 98.68% (1423/1442)
VAL - Epoch 25:
  Loss: 1.1026
  Accuracy: 72.49% (245/338)
Checkpoint saved: runs/asl100/MViTv2_S_exp006/checkpoints/checkpoint_025.pth
Epoch 25/200
----------
Step 4510: Loss: 0.0164, Accuracy: 100.00%
Step 4520: Loss: 0.0730, Accuracy: 96.25%
Step 4530: Loss: 0.0406, Accuracy: 100.00%
Step 4540: Loss: 0.0691, Accuracy: 98.75%
Step 4550: Loss: 0.0129, Accuracy: 100.00%
Step 4560: Loss: 0.0225, Accuracy: 100.00%
Step 4570: Loss: 0.0097, Accuracy: 100.00%
Step 4580: Loss: 0.1512, Accuracy: 97.50%
Step 4590: Loss: 0.0463, Accuracy: 97.50%
Step 4600: Loss: 0.0343, Accuracy: 98.75%
Step 4610: Loss: 0.0281, Accuracy: 98.75%
Step 4620: Loss: 0.0150, Accuracy: 100.00%
Step 4630: Loss: 0.1098, Accuracy: 96.25%
Step 4640: Loss: 0.0146, Accuracy: 100.00%
Step 4650: Loss: 0.0426, Accuracy: 98.75%
Step 4660: Loss: 0.0275, Accuracy: 98.75%
Step 4670: Loss: 0.0377, Accuracy: 98.75%
Step 4680: Loss: 0.0091, Accuracy: 100.00%
TRAIN - Epoch 26:
  Loss: 0.0422
  Accuracy: 98.89% (1426/1442)
VAL - Epoch 26:
  Loss: 1.1137
  Accuracy: 72.78% (246/338)
Epoch 26/200
----------
Step 4690: Loss: 0.0186, Accuracy: 100.00%
Step 4700: Loss: 0.0827, Accuracy: 98.75%
Step 4710: Loss: 0.0060, Accuracy: 100.00%
Step 4720: Loss: 0.0503, Accuracy: 97.50%
Step 4730: Loss: 0.0183, Accuracy: 100.00%
Step 4740: Loss: 0.0360, Accuracy: 98.75%
Step 4750: Loss: 0.0261, Accuracy: 98.75%
Step 4760: Loss: 0.0226, Accuracy: 100.00%
Step 4770: Loss: 0.0100, Accuracy: 100.00%
Step 4780: Loss: 0.1471, Accuracy: 96.25%
Step 4790: Loss: 0.1111, Accuracy: 98.75%
Step 4800: Loss: 0.0495, Accuracy: 97.50%
Step 4810: Loss: 0.0535, Accuracy: 98.75%
Step 4820: Loss: 0.0134, Accuracy: 100.00%
Step 4830: Loss: 0.0485, Accuracy: 98.75%
Step 4840: Loss: 0.1243, Accuracy: 95.00%
Step 4850: Loss: 0.0534, Accuracy: 97.50%
Step 4860: Loss: 0.0220, Accuracy: 98.75%
TRAIN - Epoch 27:
  Loss: 0.0496
  Accuracy: 98.61% (1422/1442)
VAL - Epoch 27:
  Loss: 1.1802
  Accuracy: 72.19% (244/338)
Epoch 27/200
----------
Step 4870: Loss: 0.0525, Accuracy: 98.75%
Step 4880: Loss: 0.0163, Accuracy: 100.00%
Step 4890: Loss: 0.0505, Accuracy: 98.75%
Step 4900: Loss: 0.0078, Accuracy: 100.00%
Step 4910: Loss: 0.0206, Accuracy: 100.00%
Step 4920: Loss: 0.0104, Accuracy: 100.00%
Step 4930: Loss: 0.0172, Accuracy: 100.00%
Step 4940: Loss: 0.0754, Accuracy: 98.75%
Step 4950: Loss: 0.0525, Accuracy: 97.50%
Step 4960: Loss: 0.0310, Accuracy: 98.75%
Step 4970: Loss: 0.0479, Accuracy: 98.75%
Step 4980: Loss: 0.0196, Accuracy: 100.00%
Step 4990: Loss: 0.0214, Accuracy: 100.00%
Step 5000: Loss: 0.0381, Accuracy: 98.75%
Step 5010: Loss: 0.0424, Accuracy: 98.75%
Step 5020: Loss: 0.0273, Accuracy: 100.00%
Step 5030: Loss: 0.0535, Accuracy: 98.75%
Step 5040: Loss: 0.0602, Accuracy: 98.75%
TRAIN - Epoch 28:
  Loss: 0.0358
  Accuracy: 99.24% (1431/1442)
VAL - Epoch 28:
  Loss: 1.0904
  Accuracy: 74.56% (252/338)
Epoch 28/200
----------
Step 5050: Loss: 0.0436, Accuracy: 97.50%
Step 5060: Loss: 0.0073, Accuracy: 100.00%
Step 5070: Loss: 0.0397, Accuracy: 100.00%
Step 5080: Loss: 0.0125, Accuracy: 100.00%
Step 5090: Loss: 0.0290, Accuracy: 98.75%
Step 5100: Loss: 0.0506, Accuracy: 98.75%
Step 5110: Loss: 0.0354, Accuracy: 98.75%
Step 5120: Loss: 0.0333, Accuracy: 100.00%
Step 5130: Loss: 0.0404, Accuracy: 98.75%
Step 5140: Loss: 0.0092, Accuracy: 100.00%
Step 5150: Loss: 0.0452, Accuracy: 98.75%
Step 5160: Loss: 0.0130, Accuracy: 100.00%
Step 5170: Loss: 0.0611, Accuracy: 97.50%
Step 5180: Loss: 0.1322, Accuracy: 97.50%
Step 5190: Loss: 0.0367, Accuracy: 98.75%
Step 5200: Loss: 0.1284, Accuracy: 98.75%
Step 5210: Loss: 0.0453, Accuracy: 100.00%
Step 5220: Loss: 0.0394, Accuracy: 98.75%
TRAIN - Epoch 29:
  Loss: 0.0445
  Accuracy: 99.03% (1428/1442)
VAL - Epoch 29:
  Loss: 1.0821
  Accuracy: 73.67% (249/338)
Epoch 29/200
----------
Step 5230: Loss: 0.0173, Accuracy: 100.00%
Step 5240: Loss: 0.0648, Accuracy: 97.50%
Step 5250: Loss: 0.0654, Accuracy: 97.50%
Step 5260: Loss: 0.0818, Accuracy: 98.75%
Step 5270: Loss: 0.0396, Accuracy: 97.50%
Step 5280: Loss: 0.1375, Accuracy: 96.25%
Step 5290: Loss: 0.0172, Accuracy: 100.00%
Step 5300: Loss: 0.0168, Accuracy: 100.00%
Step 5310: Loss: 0.0566, Accuracy: 97.50%
Step 5320: Loss: 0.0451, Accuracy: 98.75%
Step 5330: Loss: 0.0864, Accuracy: 98.75%
Step 5340: Loss: 0.1991, Accuracy: 93.75%
Step 5350: Loss: 0.0514, Accuracy: 98.75%
Step 5360: Loss: 0.0652, Accuracy: 98.75%
Step 5370: Loss: 0.0324, Accuracy: 100.00%
Step 5380: Loss: 0.0901, Accuracy: 98.75%
Step 5390: Loss: 0.0165, Accuracy: 100.00%
Step 5400: Loss: 0.0239, Accuracy: 100.00%
TRAIN - Epoch 30:
  Loss: 0.0614
  Accuracy: 98.47% (1420/1442)
VAL - Epoch 30:
  Loss: 1.1523
  Accuracy: 75.15% (254/338)
Checkpoint saved: runs/asl100/MViTv2_S_exp006/checkpoints/checkpoint_030.pth
Epoch 30/200
----------
Step 5410: Loss: 0.0509, Accuracy: 97.50%
Step 5420: Loss: 0.0742, Accuracy: 98.75%
Step 5430: Loss: 0.0207, Accuracy: 100.00%
Step 5440: Loss: 0.0232, Accuracy: 100.00%
Step 5450: Loss: 0.0391, Accuracy: 98.75%
Step 5460: Loss: 0.0966, Accuracy: 96.25%
Step 5470: Loss: 0.0533, Accuracy: 97.50%
Step 5480: Loss: 0.0753, Accuracy: 98.75%
Step 5490: Loss: 0.0179, Accuracy: 100.00%
Step 5500: Loss: 0.0135, Accuracy: 100.00%
Step 5510: Loss: 0.0301, Accuracy: 98.75%
Step 5520: Loss: 0.0219, Accuracy: 100.00%
Step 5530: Loss: 0.0086, Accuracy: 100.00%
Step 5540: Loss: 0.1070, Accuracy: 96.25%
Step 5550: Loss: 0.0836, Accuracy: 97.50%
Step 5560: Loss: 0.0861, Accuracy: 97.50%
Step 5570: Loss: 0.0273, Accuracy: 98.75%
Step 5580: Loss: 0.0172, Accuracy: 100.00%
TRAIN - Epoch 31:
  Loss: 0.0470
  Accuracy: 98.68% (1423/1442)
VAL - Epoch 31:
  Loss: 1.0959
  Accuracy: 72.19% (244/338)
Epoch 31/200
----------
Step 5590: Loss: 0.0822, Accuracy: 97.50%
Step 5600: Loss: 0.0125, Accuracy: 100.00%
Step 5610: Loss: 0.1207, Accuracy: 97.50%
Step 5620: Loss: 0.0551, Accuracy: 97.50%
Step 5630: Loss: 0.0985, Accuracy: 95.00%
Step 5640: Loss: 0.0056, Accuracy: 100.00%
Step 5650: Loss: 0.1180, Accuracy: 97.50%
Step 5660: Loss: 0.0222, Accuracy: 100.00%
Step 5670: Loss: 0.0257, Accuracy: 100.00%
Step 5680: Loss: 0.1474, Accuracy: 97.50%
Step 5690: Loss: 0.0095, Accuracy: 100.00%
Step 5700: Loss: 0.1277, Accuracy: 97.50%
Step 5710: Loss: 0.0534, Accuracy: 98.75%
Step 5720: Loss: 0.1013, Accuracy: 96.25%
Step 5730: Loss: 0.0218, Accuracy: 100.00%
Step 5740: Loss: 0.0161, Accuracy: 100.00%
Step 5750: Loss: 0.0242, Accuracy: 100.00%
Step 5760: Loss: 0.0306, Accuracy: 98.75%
TRAIN - Epoch 32:
  Loss: 0.0596
  Accuracy: 98.54% (1421/1442)
VAL - Epoch 32:
  Loss: 1.1746
  Accuracy: 73.37% (248/338)
Epoch 32/200
----------
Step 5770: Loss: 0.0495, Accuracy: 98.75%
Step 5780: Loss: 0.0732, Accuracy: 97.50%
Step 5790: Loss: 0.0740, Accuracy: 98.75%
Step 5800: Loss: 0.0310, Accuracy: 100.00%
Step 5810: Loss: 0.0408, Accuracy: 98.75%
Step 5820: Loss: 0.0261, Accuracy: 98.75%
Step 5830: Loss: 0.0127, Accuracy: 100.00%
Step 5840: Loss: 0.0829, Accuracy: 98.75%
Step 5850: Loss: 0.0475, Accuracy: 98.75%
Step 5860: Loss: 0.0454, Accuracy: 97.50%
Step 5870: Loss: 0.0286, Accuracy: 100.00%
Step 5880: Loss: 0.0133, Accuracy: 100.00%
Step 5890: Loss: 0.0299, Accuracy: 98.75%
Step 5900: Loss: 0.0266, Accuracy: 98.75%
Step 5910: Loss: 0.0174, Accuracy: 100.00%
Step 5920: Loss: 0.0145, Accuracy: 100.00%
Step 5930: Loss: 0.1194, Accuracy: 96.25%
Step 5940: Loss: 0.0527, Accuracy: 98.75%
TRAIN - Epoch 33:
  Loss: 0.0436
  Accuracy: 98.89% (1426/1442)
VAL - Epoch 33:
  Loss: 1.4478
  Accuracy: 70.41% (238/338)
Epoch 33/200
----------
Step 5950: Loss: 0.1591, Accuracy: 97.50%
Step 5960: Loss: 0.1617, Accuracy: 97.50%
Step 5970: Loss: 0.2797, Accuracy: 97.50%
Step 5980: Loss: 0.1205, Accuracy: 93.75%
Step 5990: Loss: 0.0891, Accuracy: 98.75%
Step 6000: Loss: 0.0362, Accuracy: 100.00%
Step 6010: Loss: 0.0732, Accuracy: 98.75%
Step 6020: Loss: 0.0095, Accuracy: 100.00%
Step 6030: Loss: 0.0741, Accuracy: 97.50%
Step 6040: Loss: 0.0211, Accuracy: 100.00%
Step 6050: Loss: 0.0562, Accuracy: 97.50%
Step 6060: Loss: 0.0804, Accuracy: 96.25%
Step 6070: Loss: 0.0883, Accuracy: 95.00%
Step 6080: Loss: 0.0695, Accuracy: 98.75%
Step 6090: Loss: 0.0694, Accuracy: 98.75%
Step 6100: Loss: 0.0894, Accuracy: 98.75%
Step 6110: Loss: 0.0424, Accuracy: 98.75%
Step 6120: Loss: 0.1017, Accuracy: 93.75%
TRAIN - Epoch 34:
  Loss: 0.0900
  Accuracy: 97.71% (1409/1442)
VAL - Epoch 34:
  Loss: 1.2321
  Accuracy: 74.26% (251/338)
Epoch 34/200
----------
Step 6130: Loss: 0.0355, Accuracy: 98.75%
Step 6140: Loss: 0.0146, Accuracy: 100.00%
Step 6150: Loss: 0.0190, Accuracy: 100.00%
Step 6160: Loss: 0.0433, Accuracy: 97.50%
Step 6170: Loss: 0.0611, Accuracy: 98.75%
Step 6180: Loss: 0.0125, Accuracy: 100.00%
Step 6190: Loss: 0.0711, Accuracy: 96.25%
Step 6200: Loss: 0.0083, Accuracy: 100.00%
Step 6210: Loss: 0.0189, Accuracy: 98.75%
Step 6220: Loss: 0.0452, Accuracy: 97.50%
Step 6230: Loss: 0.0636, Accuracy: 96.25%
Step 6240: Loss: 0.0383, Accuracy: 100.00%
Step 6250: Loss: 0.0809, Accuracy: 98.75%
Step 6260: Loss: 0.0253, Accuracy: 100.00%
Step 6270: Loss: 0.0089, Accuracy: 100.00%
Step 6280: Loss: 0.0600, Accuracy: 98.75%
Step 6290: Loss: 0.0369, Accuracy: 98.75%
Step 6300: Loss: 0.0482, Accuracy: 97.50%
TRAIN - Epoch 35:
  Loss: 0.0384
  Accuracy: 98.75% (1424/1442)
VAL - Epoch 35:
  Loss: 1.2113
  Accuracy: 72.78% (246/338)
Checkpoint saved: runs/asl100/MViTv2_S_exp006/checkpoints/checkpoint_035.pth
Epoch 35/200
----------
Step 6310: Loss: 0.0291, Accuracy: 100.00%
Step 6320: Loss: 0.0057, Accuracy: 100.00%
Step 6330: Loss: 0.0142, Accuracy: 100.00%
Step 6340: Loss: 0.1108, Accuracy: 97.50%
Step 6350: Loss: 0.0298, Accuracy: 98.75%
Step 6360: Loss: 0.1296, Accuracy: 96.25%
Step 6370: Loss: 0.0275, Accuracy: 98.75%
Step 6380: Loss: 0.0114, Accuracy: 100.00%
Step 6390: Loss: 0.0500, Accuracy: 98.75%
Step 6400: Loss: 0.0383, Accuracy: 98.75%
Step 6410: Loss: 0.0181, Accuracy: 100.00%
Step 6420: Loss: 0.0408, Accuracy: 98.75%
Step 6430: Loss: 0.0053, Accuracy: 100.00%
Step 6440: Loss: 0.0041, Accuracy: 100.00%
Step 6450: Loss: 0.0073, Accuracy: 100.00%
Step 6460: Loss: 0.0082, Accuracy: 100.00%
Step 6470: Loss: 0.0488, Accuracy: 98.75%
Step 6480: Loss: 0.0081, Accuracy: 100.00%
TRAIN - Epoch 36:
  Loss: 0.0326
  Accuracy: 99.24% (1431/1442)
VAL - Epoch 36:
  Loss: 1.1843
  Accuracy: 75.44% (255/338)
Epoch 36/200
----------
Step 6490: Loss: 0.0531, Accuracy: 98.75%
Step 6500: Loss: 0.0070, Accuracy: 100.00%
Step 6510: Loss: 0.0538, Accuracy: 97.50%
Step 6520: Loss: 0.0161, Accuracy: 100.00%
Step 6530: Loss: 0.0287, Accuracy: 98.75%
Step 6540: Loss: 0.0159, Accuracy: 100.00%
Step 6550: Loss: 0.0053, Accuracy: 100.00%
Step 6560: Loss: 0.0182, Accuracy: 100.00%
Step 6570: Loss: 0.0094, Accuracy: 100.00%
Step 6580: Loss: 0.0109, Accuracy: 100.00%
Step 6590: Loss: 0.0051, Accuracy: 100.00%
Step 6600: Loss: 0.0402, Accuracy: 98.75%
Step 6610: Loss: 0.0110, Accuracy: 100.00%
Step 6620: Loss: 0.0242, Accuracy: 98.75%
Step 6630: Loss: 0.0350, Accuracy: 98.75%
Step 6640: Loss: 0.0811, Accuracy: 97.50%
Step 6650: Loss: 0.0056, Accuracy: 100.00%
Step 6660: Loss: 0.0069, Accuracy: 100.00%
TRAIN - Epoch 37:
  Loss: 0.0237
  Accuracy: 99.38% (1433/1442)
VAL - Epoch 37:
  Loss: 1.2616
  Accuracy: 74.56% (252/338)
Epoch 37/200
----------
Step 6670: Loss: 0.0067, Accuracy: 100.00%
Step 6680: Loss: 0.0036, Accuracy: 100.00%
Step 6690: Loss: 0.0714, Accuracy: 97.50%
Step 6700: Loss: 0.0538, Accuracy: 98.75%
Step 6710: Loss: 0.0100, Accuracy: 100.00%
Step 6720: Loss: 0.0183, Accuracy: 100.00%
Step 6730: Loss: 0.0432, Accuracy: 98.75%
Step 6740: Loss: 0.0218, Accuracy: 100.00%
Step 6750: Loss: 0.0161, Accuracy: 98.75%
Step 6760: Loss: 0.0613, Accuracy: 98.75%
Step 6770: Loss: 0.0899, Accuracy: 97.50%
Step 6780: Loss: 0.0088, Accuracy: 100.00%
Step 6790: Loss: 0.0468, Accuracy: 98.75%
Step 6800: Loss: 0.0044, Accuracy: 100.00%
Step 6810: Loss: 0.0079, Accuracy: 100.00%
Step 6820: Loss: 0.0073, Accuracy: 100.00%
Step 6830: Loss: 0.0580, Accuracy: 98.75%
Step 6840: Loss: 0.0166, Accuracy: 98.75%
TRAIN - Epoch 38:
  Loss: 0.0303
  Accuracy: 99.24% (1431/1442)
VAL - Epoch 38:
  Loss: 1.2012
  Accuracy: 74.26% (251/338)
Epoch 38/200
----------
Step 6850: Loss: 0.0051, Accuracy: 100.00%
Step 6860: Loss: 0.0337, Accuracy: 98.75%
Step 6870: Loss: 0.0109, Accuracy: 100.00%
Step 6880: Loss: 0.0148, Accuracy: 100.00%
Step 6890: Loss: 0.0088, Accuracy: 100.00%
Step 6900: Loss: 0.0405, Accuracy: 98.75%
Step 6910: Loss: 0.0261, Accuracy: 98.75%
Step 6920: Loss: 0.0622, Accuracy: 97.50%
Step 6930: Loss: 0.0724, Accuracy: 97.50%
Step 6940: Loss: 0.0106, Accuracy: 100.00%
Step 6950: Loss: 0.0088, Accuracy: 100.00%
Step 6960: Loss: 0.0167, Accuracy: 100.00%
Step 6970: Loss: 0.0084, Accuracy: 100.00%
Step 6980: Loss: 0.0031, Accuracy: 100.00%
Step 6990: Loss: 0.0056, Accuracy: 100.00%
Step 7000: Loss: 0.0083, Accuracy: 100.00%
Step 7010: Loss: 0.0096, Accuracy: 100.00%
Step 7020: Loss: 0.0073, Accuracy: 100.00%
TRAIN - Epoch 39:
  Loss: 0.0196
  Accuracy: 99.51% (1435/1442)
VAL - Epoch 39:
  Loss: 1.1494
  Accuracy: 74.85% (253/338)
Epoch 39/200
----------
Step 7030: Loss: 0.0175, Accuracy: 98.75%
Step 7040: Loss: 0.0032, Accuracy: 100.00%
Step 7050: Loss: 0.0030, Accuracy: 100.00%
Step 7060: Loss: 0.0017, Accuracy: 100.00%
Step 7070: Loss: 0.0195, Accuracy: 98.75%
Step 7080: Loss: 0.0118, Accuracy: 100.00%
Step 7090: Loss: 0.0062, Accuracy: 100.00%
Step 7100: Loss: 0.0128, Accuracy: 100.00%
Step 7110: Loss: 0.0048, Accuracy: 100.00%
Step 7120: Loss: 0.0134, Accuracy: 98.75%
Step 7130: Loss: 0.0812, Accuracy: 98.75%
Step 7140: Loss: 0.0026, Accuracy: 100.00%
Step 7150: Loss: 0.0045, Accuracy: 100.00%
Step 7160: Loss: 0.0365, Accuracy: 98.75%
Step 7170: Loss: 0.0417, Accuracy: 98.75%
Step 7180: Loss: 0.0109, Accuracy: 100.00%
Step 7190: Loss: 0.0054, Accuracy: 100.00%
Step 7200: Loss: 0.0525, Accuracy: 98.75%
TRAIN - Epoch 40:
  Loss: 0.0183
  Accuracy: 99.51% (1435/1442)
VAL - Epoch 40:
  Loss: 1.2982
  Accuracy: 72.19% (244/338)
Checkpoint saved: runs/asl100/MViTv2_S_exp006/checkpoints/checkpoint_040.pth
Epoch 40/200
----------
Step 7210: Loss: 0.1960, Accuracy: 96.25%
Step 7220: Loss: 0.0269, Accuracy: 98.75%
Step 7230: Loss: 0.0762, Accuracy: 97.50%
Step 7240: Loss: 0.0800, Accuracy: 97.50%
Step 7250: Loss: 0.0671, Accuracy: 97.50%
Step 7260: Loss: 0.0241, Accuracy: 100.00%
Step 7270: Loss: 0.0429, Accuracy: 98.75%
Step 7280: Loss: 0.0419, Accuracy: 97.50%
Step 7290: Loss: 0.1104, Accuracy: 97.50%
Step 7300: Loss: 0.1505, Accuracy: 93.75%
Step 7310: Loss: 0.0178, Accuracy: 100.00%
Step 7320: Loss: 0.1132, Accuracy: 98.75%
Step 7330: Loss: 0.0703, Accuracy: 98.75%
Step 7340: Loss: 0.0492, Accuracy: 98.75%
Step 7350: Loss: 0.0501, Accuracy: 98.75%
Step 7360: Loss: 0.0085, Accuracy: 100.00%
Step 7370: Loss: 0.0078, Accuracy: 100.00%
Step 7380: Loss: 0.0736, Accuracy: 98.75%
TRAIN - Epoch 41:
  Loss: 0.0676
  Accuracy: 98.20% (1416/1442)
VAL - Epoch 41:
  Loss: 1.2977
  Accuracy: 71.89% (243/338)
Epoch 41/200
----------
Step 7390: Loss: 0.0422, Accuracy: 98.75%
Step 7400: Loss: 0.0559, Accuracy: 97.50%
Step 7410: Loss: 0.0799, Accuracy: 98.75%
Step 7420: Loss: 0.0159, Accuracy: 100.00%
Step 7430: Loss: 0.0741, Accuracy: 98.75%
Step 7440: Loss: 0.1170, Accuracy: 97.50%
Step 7450: Loss: 0.0212, Accuracy: 100.00%
Step 7460: Loss: 0.0395, Accuracy: 97.50%
Step 7470: Loss: 0.0339, Accuracy: 98.75%
Step 7480: Loss: 0.1123, Accuracy: 98.75%
Step 7490: Loss: 0.0719, Accuracy: 97.50%
Step 7500: Loss: 0.0299, Accuracy: 98.75%
Step 7510: Loss: 0.0310, Accuracy: 98.75%
Step 7520: Loss: 0.0058, Accuracy: 100.00%
Step 7530: Loss: 0.0203, Accuracy: 100.00%
Step 7540: Loss: 0.0797, Accuracy: 97.50%
Step 7550: Loss: 0.0218, Accuracy: 100.00%
Step 7560: Loss: 0.0145, Accuracy: 100.00%
TRAIN - Epoch 42:
  Loss: 0.0482
  Accuracy: 98.82% (1425/1442)
VAL - Epoch 42:
  Loss: 1.2443
  Accuracy: 72.19% (244/338)
Epoch 42/200
----------
Step 7570: Loss: 0.0051, Accuracy: 100.00%
Step 7580: Loss: 0.0354, Accuracy: 98.75%
Step 7590: Loss: 0.0043, Accuracy: 100.00%
Step 7600: Loss: 0.0108, Accuracy: 100.00%
Step 7610: Loss: 0.0045, Accuracy: 100.00%
Step 7620: Loss: 0.0493, Accuracy: 98.75%
Step 7630: Loss: 0.0129, Accuracy: 100.00%
Step 7640: Loss: 0.0269, Accuracy: 98.75%
Step 7650: Loss: 0.0068, Accuracy: 100.00%
Step 7660: Loss: 0.0493, Accuracy: 97.50%
Step 7670: Loss: 0.0645, Accuracy: 98.75%
Step 7680: Loss: 0.0175, Accuracy: 100.00%
Step 7690: Loss: 0.0359, Accuracy: 98.75%
Step 7700: Loss: 0.0241, Accuracy: 98.75%
Step 7710: Loss: 0.0428, Accuracy: 98.75%
Step 7720: Loss: 0.0520, Accuracy: 97.50%
Step 7730: Loss: 0.0189, Accuracy: 100.00%
Step 7740: Loss: 0.0651, Accuracy: 97.50%
TRAIN - Epoch 43:
  Loss: 0.0292
  Accuracy: 99.10% (1429/1442)
VAL - Epoch 43:
  Loss: 1.2583
  Accuracy: 72.19% (244/338)
Epoch 43/200
----------
Step 7750: Loss: 0.0308, Accuracy: 98.75%
Step 7760: Loss: 0.0561, Accuracy: 98.75%
Step 7770: Loss: 0.1211, Accuracy: 98.75%
Step 7780: Loss: 0.0604, Accuracy: 98.75%
Step 7790: Loss: 0.0060, Accuracy: 100.00%
Step 7800: Loss: 0.0192, Accuracy: 100.00%
Step 7810: Loss: 0.0135, Accuracy: 100.00%
Step 7820: Loss: 0.0206, Accuracy: 100.00%
Step 7830: Loss: 0.0072, Accuracy: 100.00%
Step 7840: Loss: 0.0054, Accuracy: 100.00%
Step 7850: Loss: 0.0092, Accuracy: 100.00%
Step 7860: Loss: 0.0013, Accuracy: 100.00%
Step 7870: Loss: 0.0233, Accuracy: 100.00%
Step 7880: Loss: 0.0815, Accuracy: 97.50%
Step 7890: Loss: 0.1227, Accuracy: 97.50%
Step 7900: Loss: 0.0075, Accuracy: 100.00%
Step 7910: Loss: 0.0028, Accuracy: 100.00%
Step 7920: Loss: 0.0132, Accuracy: 100.00%
TRAIN - Epoch 44:
  Loss: 0.0334
  Accuracy: 99.45% (1434/1442)
VAL - Epoch 44:
  Loss: 1.1527
  Accuracy: 73.37% (248/338)
Epoch 44/200
----------
Step 7930: Loss: 0.0464, Accuracy: 98.75%
Step 7940: Loss: 0.0420, Accuracy: 98.75%
Step 7950: Loss: 0.0089, Accuracy: 100.00%
Step 7960: Loss: 0.0020, Accuracy: 100.00%
Step 7970: Loss: 0.0109, Accuracy: 100.00%
Step 7980: Loss: 0.0086, Accuracy: 100.00%
Step 7990: Loss: 0.0218, Accuracy: 98.75%
Step 8000: Loss: 0.0172, Accuracy: 98.75%
Step 8010: Loss: 0.0671, Accuracy: 98.75%
Step 8020: Loss: 0.0280, Accuracy: 98.75%
Step 8030: Loss: 0.0448, Accuracy: 97.50%
Step 8040: Loss: 0.0196, Accuracy: 98.75%
Step 8050: Loss: 0.0716, Accuracy: 98.75%
Step 8060: Loss: 0.0390, Accuracy: 97.50%
Step 8070: Loss: 0.0045, Accuracy: 100.00%
Step 8080: Loss: 0.0099, Accuracy: 100.00%
Step 8090: Loss: 0.0058, Accuracy: 100.00%
Step 8100: Loss: 0.0259, Accuracy: 100.00%
TRAIN - Epoch 45:
  Loss: 0.0263
  Accuracy: 99.17% (1430/1442)
VAL - Epoch 45:
  Loss: 1.2204
  Accuracy: 74.56% (252/338)
Checkpoint saved: runs/asl100/MViTv2_S_exp006/checkpoints/checkpoint_045.pth
Epoch 45/200
----------
Step 8110: Loss: 0.0198, Accuracy: 98.75%
Step 8120: Loss: 0.0131, Accuracy: 98.75%
Step 8130: Loss: 0.0611, Accuracy: 98.75%
Step 8140: Loss: 0.0421, Accuracy: 97.50%
Step 8150: Loss: 0.0597, Accuracy: 98.75%
Step 8160: Loss: 0.0280, Accuracy: 97.50%
Step 8170: Loss: 0.0055, Accuracy: 100.00%
Step 8180: Loss: 0.0175, Accuracy: 98.75%
Step 8190: Loss: 0.0064, Accuracy: 100.00%
Step 8200: Loss: 0.0307, Accuracy: 98.75%
Step 8210: Loss: 0.0098, Accuracy: 100.00%
Step 8220: Loss: 0.0740, Accuracy: 98.75%
Step 8230: Loss: 0.0039, Accuracy: 100.00%
Step 8240: Loss: 0.0101, Accuracy: 100.00%
Step 8250: Loss: 0.0031, Accuracy: 100.00%
Step 8260: Loss: 0.0186, Accuracy: 100.00%
Step 8270: Loss: 0.0015, Accuracy: 100.00%
Step 8280: Loss: 0.0292, Accuracy: 98.75%
TRAIN - Epoch 46:
  Loss: 0.0241
  Accuracy: 99.17% (1430/1442)
VAL - Epoch 46:
  Loss: 1.2181
  Accuracy: 73.96% (250/338)
Epoch 46/200
----------
Step 8290: Loss: 0.0036, Accuracy: 100.00%
Step 8300: Loss: 0.0163, Accuracy: 98.75%
Step 8310: Loss: 0.0042, Accuracy: 100.00%
Step 8320: Loss: 0.0181, Accuracy: 98.75%
Step 8330: Loss: 0.0090, Accuracy: 100.00%
Step 8340: Loss: 0.0038, Accuracy: 100.00%
Step 8350: Loss: 0.0345, Accuracy: 98.75%
Step 8360: Loss: 0.0030, Accuracy: 100.00%
Step 8370: Loss: 0.0113, Accuracy: 100.00%
Step 8380: Loss: 0.0020, Accuracy: 100.00%
Step 8390: Loss: 0.0175, Accuracy: 98.75%
Step 8400: Loss: 0.0246, Accuracy: 98.75%
Step 8410: Loss: 0.0146, Accuracy: 100.00%
Step 8420: Loss: 0.0062, Accuracy: 100.00%
Step 8430: Loss: 0.0052, Accuracy: 100.00%
Step 8440: Loss: 0.0797, Accuracy: 98.75%
Step 8450: Loss: 0.0041, Accuracy: 100.00%
Step 8460: Loss: 0.0345, Accuracy: 98.75%
TRAIN - Epoch 47:
  Loss: 0.0162
  Accuracy: 99.51% (1435/1442)
VAL - Epoch 47:
  Loss: 1.2179
  Accuracy: 73.08% (247/338)
Epoch 47/200
----------
Step 8470: Loss: 0.0662, Accuracy: 98.75%
Step 8480: Loss: 0.0092, Accuracy: 100.00%
Step 8490: Loss: 0.0060, Accuracy: 100.00%
Step 8500: Loss: 0.0056, Accuracy: 100.00%
Step 8510: Loss: 0.0131, Accuracy: 100.00%
Step 8520: Loss: 0.0290, Accuracy: 98.75%
Step 8530: Loss: 0.0067, Accuracy: 100.00%
Step 8540: Loss: 0.0106, Accuracy: 100.00%
Step 8550: Loss: 0.0091, Accuracy: 100.00%
Step 8560: Loss: 0.0368, Accuracy: 98.75%
Step 8570: Loss: 0.0077, Accuracy: 100.00%
Step 8580: Loss: 0.0051, Accuracy: 100.00%
Step 8590: Loss: 0.0037, Accuracy: 100.00%
Step 8600: Loss: 0.0052, Accuracy: 100.00%
Step 8610: Loss: 0.0151, Accuracy: 100.00%
Step 8620: Loss: 0.0197, Accuracy: 98.75%
Step 8630: Loss: 0.0404, Accuracy: 97.50%
Step 8640: Loss: 0.0037, Accuracy: 100.00%
TRAIN - Epoch 48:
  Loss: 0.0162
  Accuracy: 99.58% (1436/1442)
VAL - Epoch 48:
  Loss: 1.2963
  Accuracy: 72.78% (246/338)
Epoch 48/200
----------
Step 8650: Loss: 0.0307, Accuracy: 98.75%
Step 8660: Loss: 0.0086, Accuracy: 100.00%
Step 8670: Loss: 0.0354, Accuracy: 98.75%
Step 8680: Loss: 0.0064, Accuracy: 100.00%
Step 8690: Loss: 0.0115, Accuracy: 100.00%
Step 8700: Loss: 0.0069, Accuracy: 100.00%
Step 8710: Loss: 0.0018, Accuracy: 100.00%
Step 8720: Loss: 0.0118, Accuracy: 100.00%
Step 8730: Loss: 0.0071, Accuracy: 100.00%
Step 8740: Loss: 0.0033, Accuracy: 100.00%
Step 8750: Loss: 0.0128, Accuracy: 100.00%
Step 8760: Loss: 0.0034, Accuracy: 100.00%
Step 8770: Loss: 0.0047, Accuracy: 100.00%
Step 8780: Loss: 0.0082, Accuracy: 100.00%
Step 8790: Loss: 0.0081, Accuracy: 100.00%
Step 8800: Loss: 0.0437, Accuracy: 96.25%
Step 8810: Loss: 0.1317, Accuracy: 97.50%
Step 8820: Loss: 0.0099, Accuracy: 100.00%
TRAIN - Epoch 49:
  Loss: 0.0192
  Accuracy: 99.51% (1435/1442)
VAL - Epoch 49:
  Loss: 1.2692
  Accuracy: 75.15% (254/338)
Epoch 49/200
----------
Step 8830: Loss: 0.0398, Accuracy: 98.75%
Step 8840: Loss: 0.0034, Accuracy: 100.00%
Step 8850: Loss: 0.0048, Accuracy: 100.00%
Step 8860: Loss: 0.0105, Accuracy: 100.00%
Step 8870: Loss: 0.0065, Accuracy: 100.00%
Step 8880: Loss: 0.0144, Accuracy: 98.75%
Step 8890: Loss: 0.0094, Accuracy: 100.00%
Step 8900: Loss: 0.0727, Accuracy: 97.50%
Step 8910: Loss: 0.0084, Accuracy: 100.00%
Step 8920: Loss: 0.0034, Accuracy: 100.00%
Step 8930: Loss: 0.0149, Accuracy: 98.75%
Step 8940: Loss: 0.0270, Accuracy: 98.75%
Step 8950: Loss: 0.1230, Accuracy: 97.50%
Step 8960: Loss: 0.0052, Accuracy: 100.00%
Step 8970: Loss: 0.0120, Accuracy: 100.00%
Step 8980: Loss: 0.0495, Accuracy: 98.75%
Step 8990: Loss: 0.0091, Accuracy: 100.00%
Step 9000: Loss: 0.0694, Accuracy: 97.50%
TRAIN - Epoch 50:
  Loss: 0.0271
  Accuracy: 99.24% (1431/1442)
VAL - Epoch 50:
  Loss: 1.1971
  Accuracy: 73.67% (249/338)
Checkpoint saved: runs/asl100/MViTv2_S_exp006/checkpoints/checkpoint_050.pth
Epoch 50/200
----------
Step 9010: Loss: 0.0220, Accuracy: 98.75%
Step 9020: Loss: 0.0029, Accuracy: 100.00%
Step 9030: Loss: 0.0495, Accuracy: 98.75%
Step 9040: Loss: 0.0053, Accuracy: 100.00%
Step 9050: Loss: 0.0157, Accuracy: 100.00%
Step 9060: Loss: 0.0077, Accuracy: 100.00%
Step 9070: Loss: 0.0041, Accuracy: 100.00%
Step 9080: Loss: 0.0689, Accuracy: 98.75%
Step 9090: Loss: 0.0404, Accuracy: 98.75%
Step 9100: Loss: 0.0022, Accuracy: 100.00%
Step 9110: Loss: 0.0033, Accuracy: 100.00%
Step 9120: Loss: 0.0081, Accuracy: 100.00%
Step 9130: Loss: 0.0019, Accuracy: 100.00%
Step 9140: Loss: 0.0974, Accuracy: 97.50%
Step 9150: Loss: 0.0143, Accuracy: 98.75%
Step 9160: Loss: 0.0051, Accuracy: 100.00%
Step 9170: Loss: 0.0026, Accuracy: 100.00%
Step 9180: Loss: 0.0794, Accuracy: 98.75%
TRAIN - Epoch 51:
  Loss: 0.0239
  Accuracy: 99.45% (1434/1442)
VAL - Epoch 51:
  Loss: 1.1695
  Accuracy: 73.96% (250/338)
Epoch 51/200
----------
Step 9190: Loss: 0.0632, Accuracy: 97.50%
Step 9200: Loss: 0.0067, Accuracy: 100.00%
Step 9210: Loss: 0.0070, Accuracy: 100.00%
Step 9220: Loss: 0.0306, Accuracy: 98.75%
Step 9230: Loss: 0.0150, Accuracy: 100.00%
Step 9240: Loss: 0.0070, Accuracy: 100.00%
Step 9250: Loss: 0.0248, Accuracy: 98.75%
Step 9260: Loss: 0.0065, Accuracy: 100.00%
Step 9270: Loss: 0.0798, Accuracy: 97.50%
Step 9280: Loss: 0.0091, Accuracy: 100.00%
Step 9290: Loss: 0.0123, Accuracy: 100.00%
Step 9300: Loss: 0.0176, Accuracy: 100.00%
Step 9310: Loss: 0.0043, Accuracy: 100.00%
Step 9320: Loss: 0.1650, Accuracy: 98.75%
Step 9330: Loss: 0.0076, Accuracy: 100.00%
Step 9340: Loss: 0.0218, Accuracy: 98.75%
Step 9350: Loss: 0.0592, Accuracy: 97.50%
Step 9360: Loss: 0.0180, Accuracy: 98.75%
TRAIN - Epoch 52:
  Loss: 0.0308
  Accuracy: 99.24% (1431/1442)
VAL - Epoch 52:
  Loss: 1.2484
  Accuracy: 73.96% (250/338)
Epoch 52/200
----------
Step 9370: Loss: 0.0030, Accuracy: 100.00%
Step 9380: Loss: 0.0400, Accuracy: 98.75%
Step 9390: Loss: 0.0805, Accuracy: 97.50%
Step 9400: Loss: 0.0231, Accuracy: 98.75%
Step 9410: Loss: 0.0053, Accuracy: 100.00%
Step 9420: Loss: 0.0025, Accuracy: 100.00%
Step 9430: Loss: 0.0023, Accuracy: 100.00%
Step 9440: Loss: 0.0841, Accuracy: 98.75%
Step 9450: Loss: 0.0102, Accuracy: 100.00%
Step 9460: Loss: 0.0044, Accuracy: 100.00%
Step 9470: Loss: 0.0080, Accuracy: 100.00%
Step 9480: Loss: 0.0197, Accuracy: 100.00%
Step 9490: Loss: 0.0354, Accuracy: 98.75%
Step 9500: Loss: 0.0039, Accuracy: 100.00%
Step 9510: Loss: 0.0069, Accuracy: 100.00%
Step 9520: Loss: 0.0054, Accuracy: 100.00%
Step 9530: Loss: 0.0051, Accuracy: 100.00%
Step 9540: Loss: 0.0232, Accuracy: 98.75%
TRAIN - Epoch 53:
  Loss: 0.0201
  Accuracy: 99.51% (1435/1442)
