wandb: Currently logged in as: ljgoodall2001 (ljgoodall2001-rhodes-university) to https://api.wandb.ai. Use `wandb login --relogin` to force relogin
wandb: Tracking run with wandb version 0.21.1
wandb: Run data is saved locally in /home/luke/ExtraStorage/SLR/code/wandb/run-20251004_230341-x8xe4vp3
wandb: Run `wandb offline` to turn off syncing.
wandb: Syncing run S3D_asl300_exp001
wandb: ⭐️ View project at https://wandb.ai/ljgoodall2001-rhodes-university/WLASL-300
wandb: 🚀 View run at https://wandb.ai/ljgoodall2001-rhodes-university/WLASL-300/runs/x8xe4vp3
Successfully using model S3D_basic
Epoch 0/200
----------
Step 10: Accumulated Loss: 6.4890, Current Accuracy: 0.00%
Traceback (most recent call last):
  File "/home/luke/ExtraStorage/SLR/code/./quefeather.py", line 148, in <module>
    main()
  File "/home/luke/ExtraStorage/SLR/code/./quefeather.py", line 140, in main
    run_train(args.verbose)
  File "/home/luke/ExtraStorage/SLR/code/./quefeather.py", line 65, in run_train
    train_loop(model_specifcs, run, recover=admin["recover"])
  File "/home/luke/ExtraStorage/SLR/code/train.py", line 316, in train_loop
    accumulated_loss += loss.item()
KeyboardInterrupt
Traceback (most recent call last):
  File "/home/luke/ExtraStorage/SLR/code/./quefeather.py", line 148, in <module>
    main()
  File "/home/luke/ExtraStorage/SLR/code/./quefeather.py", line 140, in main
    run_train(args.verbose)
  File "/home/luke/ExtraStorage/SLR/code/./quefeather.py", line 65, in run_train
    train_loop(model_specifcs, run, recover=admin["recover"])
  File "/home/luke/ExtraStorage/SLR/code/train.py", line 316, in train_loop
    accumulated_loss += loss.item()
KeyboardInterrupt
[1;34mwandb[0m: 
[1;34mwandb[0m: 🚀 View run [33mS3D_asl300_exp001[0m at: [34mhttps://wandb.ai/ljgoodall2001-rhodes-university/WLASL-300/runs/x8xe4vp3[0m
[1;34mwandb[0m: Find logs at: [1;35mwandb/run-20251004_230341-x8xe4vp3/logs[0m
